loadcore_IMPORTS_start
I_RegisterLibraryEntries
loadcore_IMPORTS_end

thbase_IMPORTS_start
I_DelayThread
I_SetAlarm
I_CancelAlarm
I_USec2SysClock
thbase_IMPORTS_end

thevent_IMPORTS_start
I_CreateEventFlag
I_iSetEventFlag
I_ClearEventFlag
I_WaitEventFlag
thevent_IMPORTS_end

stdio_IMPORTS_start
I_printf
stdio_IMPORTS_end

sysclib_IMPORTS_start
I_memcpy
I_memset
sysclib_IMPORTS_end

dev9_IMPORTS_start
I_dev9RegisterIntrCb
I_dev9DmaTransfer
I_dev9IntrEnable
I_dev9IntrDisable
I_dev9LEDCtl
dev9_IMPORTS_end
