
loadcore_IMPORTS_start
I_RegisterLibraryEntries
loadcore_IMPORTS_end

smsutils_IMPORTS_start
I_mips_memset
I_mips_memcpy
smsutils_IMPORTS_end

intrman_IMPORTS_start
I_CpuSuspendIntr
I_CpuResumeIntr
I_QueryIntrContext
intrman_IMPORTS_end

thbase_IMPORTS_start
I_CreateThread
I_DeleteThread
I_ExitDeleteThread
I_StartThread
I_iReleaseWaitThread
I_USec2SysClock
I_SysClock2USec
I_GetThreadId
I_GetSystemTime
I_SetAlarm
I_CancelAlarm
thbase_IMPORTS_end

thevent_IMPORTS_start
 I_CreateEventFlag
 I_iSetEventFlag
 I_WaitEventFlag
thevent_IMPORTS_end

thsemap_IMPORTS_start
I_CreateSema
I_SignalSema
I_iSignalSema
I_WaitSema
I_PollSema
I_DeleteSema
thsemap_IMPORTS_end

sysclib_IMPORTS_start
I_strcpy
sysclib_IMPORTS_end

sysmem_IMPORTS_start
I_AllocSysMemory
I_FreeSysMemory
sysmem_IMPORTS_end

stdio_IMPORTS_start
I_printf
stdio_IMPORTS_end
