sifcmd_IMPORTS_start
I_sceSifInitRpc
I_sceSifSetRpcQueue
I_sceSifRegisterRpc
I_sceSifRpcLoop
sifcmd_IMPORTS_end

stdio_IMPORTS_start
I_printf
stdio_IMPORTS_end

sysclib_IMPORTS_start
I_strncmp
sysclib_IMPORTS_end

thsemap_IMPORTS_start
I_CreateSema
I_SignalSema
I_WaitSema
I_PollSema
I_DeleteSema
I_iSignalSema
thsemap_IMPORTS_end

thbase_IMPORTS_start
I_StartThread
I_CreateThread
I_DeleteThread
I_DelayThread
I_GetThreadId
I_SetAlarm
I_CancelAlarm
thbase_IMPORTS_end

usbd_IMPORTS_start
I_sceUsbdScanStaticDescriptor
I_sceUsbdOpenPipe
I_sceUsbdClosePipe
I_sceUsbdOpenPipeAligned
I_sceUsbdSetPrivateData
I_sceUsbdTransferPipe
I_sceUsbdRegisterLdd
usbd_IMPORTS_end
