sifcmd_IMPORTS_start
I_sceSifInitRpc
I_sceSifSetRpcQueue
I_sceSifRegisterRpc
I_sceSifRpcLoop
sifcmd_IMPORTS_end

stdio_IMPORTS_start
I_printf
stdio_IMPORTS_end

thsemap_IMPORTS_start
I_CreateSema
I_SignalSema
I_WaitSema
I_PollSema
I_DeleteSema
thsemap_IMPORTS_end

thbase_IMPORTS_start
I_StartThread
I_CreateThread
I_DeleteThread
I_DelayThread
I_GetThreadId
thbase_IMPORTS_end

usbd_IMPORTS_start
I_UsbGetDeviceStaticDescriptor
I_UsbOpenEndpoint
I_UsbCloseEndpoint
I_UsbOpenEndpointAligned
I_UsbSetDevicePrivateData
I_UsbTransfer
I_UsbRegisterDriver
usbd_IMPORTS_end
