loadcore_IMPORTS_start
I_RegisterLibraryEntries
I_GetLibraryEntryTable
loadcore_IMPORTS_end

stdio_IMPORTS_start
I_printf
stdio_IMPORTS_end

ioman_IMPORTS_start
I_AddDrv
I_DelDrv
I_open
I_read
I_lseek
I_close
ioman_IMPORTS_end

sifcmd_IMPORTS_start
I_sceSifInitRpc
sifcmd_IMPORTS_end

thsemap_IMPORTS_start
I_CreateSema
I_DeleteSema
I_SignalSema
I_WaitSema
thsemap_IMPORTS_end

sysclib_IMPORTS_start
I_memset
I_memcpy
I_memcmp
I_strcpy
I_strlen
I_strcmp
I_strncmp
I_strrchr
I_strncpy
I_strcat
I_strtok
I_sprintf
I_tolower
sysclib_IMPORTS_end
