
thbase_IMPORTS_start
I_DelayThread
I_CreateThread
I_StartThread
I_SetAlarm
I_iSetAlarm
I_CancelAlarm
I_USec2SysClock
I_GetSystemTime
thbase_IMPORTS_end

thsemap_IMPORTS_start
I_CreateSema
I_DeleteSema
I_SignalSema
I_iSignalSema
I_WaitSema
thsemap_IMPORTS_end

dev9_IMPORTS_start
I_dev9IntrDisable
I_dev9IntrEnable
I_dev9RegisterIntrCb
I_dev9GetEEPROM
dev9_IMPORTS_end

intrman_IMPORTS_start
I_CpuSuspendIntr
I_CpuResumeIntr
I_CpuEnableIntr
I_EnableIntr
I_QueryIntrContext
intrman_IMPORTS_end

#ifdef UDPTTY
ioman_IMPORTS_start
I_open
I_close
I_AddDrv
I_DelDrv
ioman_IMPORTS_end
#endif

stdio_IMPORTS_start
I_printf
stdio_IMPORTS_end

smsutils_IMPORTS_start
I_mips_memset
I_mips_memcpy
smsutils_IMPORTS_end

