thmsgbx_IMPORTS_start
I_CreateMbx
I_DeleteMbx
I_SendMbx
I_iSendMbx
I_ReceiveMbx
thmsgbx_IMPORTS_end

intrman_IMPORTS_start
I_CpuSuspendIntr
I_CpuResumeIntr
I_QueryIntrContext
intrman_IMPORTS_end

ioman_IMPORTS_start
I_AddDrv
I_DelDrv
ioman_IMPORTS_end

loadcore_IMPORTS_start
I_RegisterLibraryEntries
I_GetLibraryEntryTable
loadcore_IMPORTS_end

sifcmd_IMPORTS_start
I_sceSifRegisterRpc
I_sceSifSetRpcQueue
I_sceSifRpcLoop
sifcmd_IMPORTS_end

sifman_IMPORTS_start
I_sceSifSetDma 
I_sceSifDmaStat 
sifman_IMPORTS_end

sysclib_IMPORTS_start
I_memcpy
I_memset
I_sprintf
I_strcat
I_strcmp
I_strncmp
I_strcpy
I_strlen
I_strncpy
sysclib_IMPORTS_end

sysmem_IMPORTS_start
I_AllocSysMemory
I_FreeSysMemory
sysmem_IMPORTS_end

thbase_IMPORTS_start
I_CreateThread
I_StartThread
I_GetThreadId
I_SleepThread
I_DelayThread
I_SetAlarm
I_USec2SysClock
thbase_IMPORTS_end

thevent_IMPORTS_start
I_CreateEventFlag
I_SetEventFlag
I_ClearEventFlag
thevent_IMPORTS_end

thsemap_IMPORTS_start
I_CreateSema
I_SignalSema
I_iSignalSema
I_WaitSema
I_PollSema
thsemap_IMPORTS_end
