
cdvdman_IMPORTS_start
I_sceCdReadClock
cdvdman_IMPORTS_end

intrman_IMPORTS_start
I_CpuSuspendIntr
I_CpuResumeIntr
intrman_IMPORTS_end

iomanX_IMPORTS_start
I_open
I_close
I_ioctl2
I_AddDrv
I_DelDrv
iomanX_IMPORTS_end

poweroff_IMPORTS_start
I_AddPowerOffHandler
poweroff_IMPORTS_end

stdio_IMPORTS_start
I_printf
stdio_IMPORTS_end

sysclib_IMPORTS_start
I_memcpy
I_memset
I_strncpy
I_sprintf
I_strlen
I_strcpy
I_memcmp
I_strncmp
I_strrchr
I_strcmp
I_strtol
I_strchr
I_look_ctype_table
sysclib_IMPORTS_end

sysmem_IMPORTS_start
I_AllocSysMemory
//I_QueryBlockSize
//I_FreeSysMemory
sysmem_IMPORTS_end

thsemap_IMPORTS_start
I_CreateSema
I_DeleteSema
I_SignalSema
I_WaitSema
thsemap_IMPORTS_end
