ioman_IMPORTS_start
I_DelDrv
I_AddDrv
I_open
I_lseek
I_write
I_close
I_remove
ioman_IMPORTS_end

intrman_IMPORTS_start
I_CpuSuspendIntr
I_CpuResumeIntr
intrman_IMPORTS_end

sysmem_IMPORTS_start
I_AllocSysMemory
I_FreeSysMemory
sysmem_IMPORTS_end

thsemap_IMPORTS_start
I_CreateSema
I_DeleteSema
I_WaitSema
I_SignalSema
thsemap_IMPORTS_end

sysclib_IMPORTS_start
I_memset
I_memcpy
I_strcat
I_strcpy
I_memcmp
sysclib_IMPORTS_end

thbase_IMPORTS_start
I_CreateThread
I_StartThread
I_DeleteThread
I_TerminateThread
I_ExitDeleteThread
thbase_IMPORTS_end

#ifdef DEBUG
stdio_IMPORTS_start
I_printf
stdio_IMPORTS_end
#endif
