intrman_IMPORTS_start
I_CpuSuspendIntr
I_CpuResumeIntr
intrman_IMPORTS_end

loadcore_IMPORTS_start
I_RegisterLibraryEntries
I_ReleaseLibraryEntries
loadcore_IMPORTS_end

ps2ip_IMPORTS_start
I_lwip_recv
I_lwip_send
I_lwip_close
I_lwip_select
I_lwip_socket
I_lwip_shutdown
I_lwip_connect
I_lwip_gethostbyname
ps2ip_IMPORTS_end

sifcmd_IMPORTS_start
I_sceSifSetRpcQueue
I_sceSifRegisterRpc
I_sceSifRpcLoop
sifcmd_IMPORTS_end

sifman_IMPORTS_start
I_sceSifSetDma
sifman_IMPORTS_end

stdio_IMPORTS_start
I_printf
stdio_IMPORTS_end

sysclib_IMPORTS_start
I_look_ctype_table
I_memcpy
I_memmove
I_memset
I_strcmp
I_strncmp
I_strlen
I_strcat
I_sprintf
I_strtoul
I_strchr
I_strstr
I_tolower
sysclib_IMPORTS_end

thbase_IMPORTS_start
I_GetThreadId
I_CreateThread
I_DeleteThread
I_StartThread
I_TerminateThread
thbase_IMPORTS_end
