loadcore_IMPORTS_start
I_RegisterLibraryEntries
loadcore_IMPORTS_end

ioman_IMPORTS_start
I_AddDrv
I_DelDrv
ioman_IMPORTS_end

ps2ip_IMPORTS_start
I_lwip_recv
I_lwip_send
I_lwip_close
I_lwip_socket
I_lwip_connect
I_inet_addr
ps2ip_IMPORTS_end

thbase_IMPORTS_start
I_DelayThread
thbase_IMPORTS_end

thsemap_IMPORTS_start
I_CreateSema
I_WaitSema
I_SignalSema
I_DeleteSema
thsemap_IMPORTS_end

sysclib_IMPORTS_start
I_memset
I_memcpy
I_strcpy
I_strlen
I_sprintf
sysclib_IMPORTS_end

//stdio_IMPORTS_start
//I_printf
//stdio_IMPORTS_end
