intrman_IMPORTS_start
I_CpuSuspendIntr
I_CpuResumeIntr
intrman_IMPORTS_end

loadcore_IMPORTS_start
I_RegisterLibraryEntries
I_ReleaseLibraryEntries
loadcore_IMPORTS_end

ps2ip_IMPORTS_start
I_lwip_recv
I_lwip_sendto
I_lwip_close
I_lwip_socket
I_lwip_bind
I_lwip_shutdown
ps2ip_IMPORTS_end

sifcmd_IMPORTS_start
I_sceSifSetRpcQueue
I_sceSifRegisterRpc
I_sceSifRpcLoop
sifcmd_IMPORTS_end

stdio_IMPORTS_start
I_printf
stdio_IMPORTS_end

sysclib_IMPORTS_start
I_memset
I_memcpy
I_strcpy
I_strcmp
sysclib_IMPORTS_end

thbase_IMPORTS_start
I_GetThreadId
I_CreateThread
I_DeleteThread
I_StartThread
I_SleepThread
I_DelayThread
I_WakeupThread
I_iWakeupThread
I_SetAlarm
I_CancelAlarm
I_ReferThreadStatus
thbase_IMPORTS_end
