loadcore_IMPORTS_start
I_RegisterLibraryEntries
I_ReleaseLibraryEntries
loadcore_IMPORTS_end

stdio_IMPORTS_start
I_printf
stdio_IMPORTS_end

sysclib_IMPORTS_start
I_memset
I_memcpy
I_strlen
I_strncpy
I_strncmp
//I_vsprintf broken!!
sysclib_IMPORTS_end

thsemap_IMPORTS_start
I_CreateSema
I_SignalSema
I_WaitSema
I_DeleteSema
thsemap_IMPORTS_end

ps2ip_IMPORTS_start
I_inet_addr
I_lwip_send
I_lwip_sendto
I_lwip_socket
I_lwip_listen
I_lwip_recv
I_lwip_recvfrom
I_lwip_close
I_lwip_bind
I_lwip_accept
I_lwip_select
ps2ip_IMPORTS_end

#ifdef NETLOG_RPC

sifcmd_IMPORTS_start
I_sceSifInitRpc
I_sceSifRegisterRpc
I_sceSifSetRpcQueue
I_sceSifRpcLoop
sifcmd_IMPORTS_end

sifman_IMPORTS_start
I_sceSifInit
I_sceSifSetDma
I_sceSifDmaStat
I_sceSifCheckInit
sifman_IMPORTS_end

thbase_IMPORTS_start
I_CreateThread
I_DeleteThread
I_StartThread
I_GetThreadId
thbase_IMPORTS_end

#endif /* NETLOG_RPC */
