thsemap_IMPORTS_start
I_CreateSema
I_DeleteSema
I_SignalSema
I_WaitSema
thsemap_IMPORTS_end

thbase_IMPORTS_start
I_CreateThread
I_StartThread
thbase_IMPORTS_end

thevent_IMPORTS_start
I_CreateEventFlag
I_WaitEventFlag
I_SetEventFlag
I_iSetEventFlag
thevent_IMPORTS_end

ioman_IMPORTS_start
I_open
I_write
I_close
I_AddDrv
I_DelDrv
ioman_IMPORTS_end

stdio_IMPORTS_start
I_printf
stdio_IMPORTS_end

sysclib_IMPORTS_start
I_prnt
sysclib_IMPORTS_end

sysmem_IMPORTS_start
I_KprintfSet
sysmem_IMPORTS_end

ps2ip_IMPORTS_start
I_inet_addr
I_lwip_socket
I_lwip_close
I_lwip_sendto
ps2ip_IMPORTS_end

loadcore_IMPORTS_start
I_RegisterLibraryEntries
loadcore_IMPORTS_end

intrman_IMPORTS_start
I_QueryIntrContext
I_CpuInvokeInKmode
intrman_IMPORTS_end

