intrman_IMPORTS_start
I_CpuEnableIntr
I_CpuSuspendIntr
I_CpuResumeIntr
intrman_IMPORTS_end

loadcore_IMPORTS_start
I_FlushDcache
I_RegisterLibraryEntries
loadcore_IMPORTS_end

sifcmd_IMPORTS_start
I_sceSifInitRpc
I_sceSifSetRpcQueue
I_sceSifRegisterRpc
I_sceSifRpcLoop
sifcmd_IMPORTS_end

sifman_IMPORTS_start
I_sceSifSetDma
I_sceSifDmaStat
I_sceSifCheckInit
I_sceSifInit
sifman_IMPORTS_end

smsutils_IMPORTS_start
I_mips_memset
I_mips_memcpy
smsutils_IMPORTS_end

sysmem_IMPORTS_start
I_AllocSysMemory
sysmem_IMPORTS_end

thbase_IMPORTS_start
I_CreateThread
I_StartThread
I_GetThreadId
I_SleepThread
I_ReferThreadStatus
I_ChangeThreadPriority
thbase_IMPORTS_end
