
stdio_IMPORTS_start
I_printf
stdio_IMPORTS_end

sysclib_IMPORTS_start
I_memset
I_memcpy
I_strlen
I_strncpy
I_strncmp
sysclib_IMPORTS_end

thsemap_IMPORTS_start
I_CreateSema
I_SignalSema
I_WaitSema
I_DeleteSema
thsemap_IMPORTS_end

thbase_IMPORTS_start
I_CreateThread
I_DeleteThread
I_StartThread 
I_GetThreadId 
I_ExitDeleteThread
thbase_IMPORTS_end

ioman_IMPORTS_start
I_open
I_close
I_AddDrv
I_DelDrv
ioman_IMPORTS_end

ps2ip_IMPORTS_start
I_lwip_send
I_lwip_sendto
I_lwip_socket
I_lwip_listen
I_lwip_recv
I_lwip_recvfrom
I_lwip_close
I_lwip_bind
I_lwip_accept
ps2ip_IMPORTS_end

sifcmd_IMPORTS_start
I_sceSifInitRpc
I_sceSifSetRpcQueue
I_sceSifRegisterRpc
I_sceSifRpcLoop
sifcmd_IMPORTS_end

sifman_IMPORTS_start
I_sceSifSetDma
sifman_IMPORTS_end

intrman_IMPORTS_start
I_CpuEnableIntr
I_CpuSuspendIntr
I_CpuResumeIntr
intrman_IMPORTS_end

loadcore_IMPORTS_start
I_FlushDcache
loadcore_IMPORTS_end

modload_IMPORTS_start
I_LoadStartModule
modload_IMPORTS_end

cdvdman_IMPORTS_start
I_sceCdInit
I_sceCdStop
cdvdman_IMPORTS_end

ioptrap_IMPORTS_start
I_set_exception_handler
ioptrap_IMPORTS_end

poweroff_IMPORTS_start
I_SetPowerButtonHandler
I_AddPowerOffHandler
I_PoweroffShutdown
poweroff_IMPORTS_end
