loadcore_IMPORTS_start
I_RegisterLibraryEntries
I_ReleaseLibraryEntries
I_QueryLibraryEntryTable
I_SetRebootTimeLibraryHandlingMode
loadcore_IMPORTS_end

thsemap_IMPORTS_start
I_CreateSema
I_SignalSema
I_WaitSema
I_PollSema
I_iSignalSema
thsemap_IMPORTS_end

thbase_IMPORTS_start
I_DelayThread
I_SetAlarm
I_CancelAlarm
thbase_IMPORTS_end

intrman_IMPORTS_start
I_CpuSuspendIntr
I_CpuResumeIntr
intrman_IMPORTS_end

usbd_IMPORTS_start
I_sceUsbdScanStaticDescriptor
I_sceUsbdOpenPipe
I_sceUsbdClosePipe
I_sceUsbdOpenPipeAligned
I_sceUsbdTransferPipe
I_sceUsbdRegisterLdd
usbd_IMPORTS_end

sysclib_IMPORTS_start
I_memcmp
I_memset
I_memcpy
sysclib_IMPORTS_end
