
iomanX_IMPORTS_start
I_devctl
iomanX_IMPORTS_end

loadcore_IMPORTS_start
I_RegisterLibraryEntries
loadcore_IMPORTS_end

ps2ip_IMPORTS_start
I_lwip_recv
I_lwip_send
I_lwip_close
I_lwip_socket
I_lwip_bind
I_lwip_accept
I_lwip_listen
I_lwip_select
I_inet_addr
ps2ip_IMPORTS_end

smsutils_IMPORTS_start
I_mips_memset
I_mips_memcpy
smsutils_IMPORTS_end

thbase_IMPORTS_start
I_DelayThread
I_CreateThread
I_StartThread
I_DeleteThread
thbase_IMPORTS_end

thsemap_IMPORTS_start
I_CreateSema
I_WaitSema
I_SignalSema
I_DeleteSema
thsemap_IMPORTS_end

sysclib_IMPORTS_start
I_strlen
sysclib_IMPORTS_end

//stdio_IMPORTS_start
//I_printf
//stdio_IMPORTS_end
